<?xml version="1.0" encoding="UTF-8" ?>
<testsuite tests="2" failures="0" name="com.fugro.gwf.util.i18n.client.MessagesTest" time="0.138" errors="1" skipped="1">
  <properties>
    <property name="java.vendor" value="Oracle Corporation"/>
    <property name="osgi.bundles.defaultStartLevel" value="4"/>
    <property name="sun.java.launcher" value="SUN_STANDARD"/>
    <property name="org.osgi.supports.framework.extension" value="true"/>
    <property name="sun.management.compiler" value="HotSpot 64-Bit Tiered Compilers"/>
    <property name="os.name" value="Windows 7"/>
    <property name="sun.boot.class.path" value="C:\gwf\programs\java_64bit\jdk1.8.0_74\jre\lib\resources.jar;C:\gwf\programs\java_64bit\jdk1.8.0_74\jre\lib\rt.jar;C:\gwf\programs\java_64bit\jdk1.8.0_74\jre\lib\sunrsasign.jar;C:\gwf\programs\java_64bit\jdk1.8.0_74\jre\lib\jsse.jar;C:\gwf\programs\java_64bit\jdk1.8.0_74\jre\lib\jce.jar;C:\gwf\programs\java_64bit\jdk1.8.0_74\jre\lib\charsets.jar;C:\gwf\programs\java_64bit\jdk1.8.0_74\jre\lib\jfr.jar;C:\gwf\programs\java_64bit\jdk1.8.0_74\jre\classes"/>
    <property name="osgi.ws" value="win32"/>
    <property name="sun.desktop" value="windows"/>
    <property name="java.vm.specification.vendor" value="Oracle Corporation"/>
    <property name="java.runtime.version" value="1.8.0_74-b02"/>
    <property name="osgi.instance.area" value="file:/C:/gwf/projects/svn/com.fugro.gwf/lab/i18n/i18n.core.test/target/work/data/"/>
    <property name="org.osgi.framework.uuid" value="70651e41-d8a0-0016-162a-c9f100ab35ea"/>
    <property name="osgi.noShutdown" value="false"/>
    <property name="user.name" value="VeldeE"/>
    <property name="org.osgi.framework.system.packages" value="javax.accessibility,javax.activation,javax.activity,javax.annotation,javax.annotation.processing,javax.crypto,javax.crypto.interfaces,javax.crypto.spec,javax.imageio,javax.imageio.event,javax.imageio.metadata,javax.imageio.plugins.bmp,javax.imageio.plugins.jpeg,javax.imageio.spi,javax.imageio.stream,javax.jws,javax.jws.soap,javax.lang.model,javax.lang.model.element,javax.lang.model.type,javax.lang.model.util,javax.management,javax.management.loading,javax.management.modelmbean,javax.management.monitor,javax.management.openmbean,javax.management.relation,javax.management.remote,javax.management.remote.rmi,javax.management.timer,javax.naming,javax.naming.directory,javax.naming.event,javax.naming.ldap,javax.naming.spi,javax.net,javax.net.ssl,javax.print,javax.print.attribute,javax.print.attribute.standard,javax.print.event,javax.rmi,javax.rmi.CORBA,javax.rmi.ssl,javax.script,javax.security.auth,javax.security.auth.callback,javax.security.auth.kerberos,javax.security.auth.login,javax.security.auth.spi,javax.security.auth.x500,javax.security.cert,javax.security.sasl,javax.sound.midi,javax.sound.midi.spi,javax.sound.sampled,javax.sound.sampled.spi,javax.sql,javax.sql.rowset,javax.sql.rowset.serial,javax.sql.rowset.spi,javax.swing,javax.swing.border,javax.swing.colorchooser,javax.swing.event,javax.swing.filechooser,javax.swing.plaf,javax.swing.plaf.basic,javax.swing.plaf.metal,javax.swing.plaf.multi,javax.swing.plaf.nimbus,javax.swing.plaf.synth,javax.swing.table,javax.swing.text,javax.swing.text.html,javax.swing.text.html.parser,javax.swing.text.rtf,javax.swing.tree,javax.swing.undo,javax.tools,javax.transaction,javax.transaction.xa,javax.xml,javax.xml.bind,javax.xml.bind.annotation,javax.xml.bind.annotation.adapters,javax.xml.bind.attachment,javax.xml.bind.helpers,javax.xml.bind.util,javax.xml.crypto,javax.xml.crypto.dom,javax.xml.crypto.dsig,javax.xml.crypto.dsig.dom,javax.xml.crypto.dsig.keyinfo,javax.xml.crypto.dsig.spec,javax.xml.datatype,javax.xml.namespace,javax.xml.parsers,javax.xml.soap,javax.xml.stream,javax.xml.stream.events,javax.xml.stream.util,javax.xml.transform,javax.xml.transform.dom,javax.xml.transform.sax,javax.xml.transform.stax,javax.xml.transform.stream,javax.xml.validation,javax.xml.ws,javax.xml.ws.handler,javax.xml.ws.handler.soap,javax.xml.ws.http,javax.xml.ws.soap,javax.xml.ws.spi,javax.xml.ws.spi.http,javax.xml.ws.wsaddressing,javax.xml.xpath,org.ietf.jgss,org.omg.CORBA,org.omg.CORBA_2_3,org.omg.CORBA_2_3.portable,org.omg.CORBA.DynAnyPackage,org.omg.CORBA.ORBPackage,org.omg.CORBA.portable,org.omg.CORBA.TypeCodePackage,org.omg.CosNaming,org.omg.CosNaming.NamingContextExtPackage,org.omg.CosNaming.NamingContextPackage,org.omg.Dynamic,org.omg.DynamicAny,org.omg.DynamicAny.DynAnyFactoryPackage,org.omg.DynamicAny.DynAnyPackage,org.omg.IOP,org.omg.IOP.CodecFactoryPackage,org.omg.IOP.CodecPackage,org.omg.Messaging,org.omg.PortableInterceptor,org.omg.PortableInterceptor.ORBInitInfoPackage,org.omg.PortableServer,org.omg.PortableServer.CurrentPackage,org.omg.PortableServer.POAManagerPackage,org.omg.PortableServer.POAPackage,org.omg.PortableServer.portable,org.omg.PortableServer.ServantLocatorPackage,org.omg.SendingContext,org.omg.stub.java.rmi,org.w3c.dom,org.w3c.dom.bootstrap,org.w3c.dom.css,org.w3c.dom.events,org.w3c.dom.html,org.w3c.dom.ls,org.w3c.dom.ranges,org.w3c.dom.stylesheets,org.w3c.dom.traversal,org.w3c.dom.views,org.w3c.dom.xpath,org.xml.sax,org.xml.sax.ext,org.xml.sax.helpers"/>
    <property name="org.osgi.framework.language" value="en"/>
    <property name="user.language" value="en"/>
    <property name="org.osgi.framework.processor" value="x86-64"/>
    <property name="osgi.syspath" value="c:\gwf\data\mvn_repo\p2\osgi\bundle\org.eclipse.osgi\3.10.102.v20160118-1700"/>
    <property name="sun.boot.library.path" value="C:\gwf\programs\java_64bit\jdk1.8.0_74\jre\bin"/>
    <property name="org.osgi.framework.system.capabilities" value="osgi.ee; osgi.ee=&quot;OSGi/Minimum&quot;; version:List&lt;Version&gt;=&quot;1.0, 1.1, 1.2&quot;,osgi.ee; osgi.ee=&quot;JRE&quot;; version:List&lt;Version&gt;=&quot;1.0, 1.1&quot;,osgi.ee; osgi.ee=&quot;JavaSE&quot;; version:List&lt;Version&gt;=&quot;1.0, 1.1, 1.2, 1.3, 1.4, 1.5, 1.6, 1.7, 1.8&quot;,osgi.ee; osgi.ee=&quot;JavaSE/compact1&quot;; version:List&lt;Version&gt;=&quot;1.8&quot;,osgi.ee; osgi.ee=&quot;JavaSE/compact2&quot;; version:List&lt;Version&gt;=&quot;1.8&quot;,osgi.ee; osgi.ee=&quot;JavaSE/compact3&quot;; version:List&lt;Version&gt;=&quot;1.8&quot;"/>
    <property name="osgi.compatibility.bootdelegation" value="true"/>
    <property name="java.version" value="1.8.0_74"/>
    <property name="org.osgi.framework.os.name" value="Windows7"/>
    <property name="user.timezone" value="Europe/Paris"/>
    <property name="sun.arch.data.model" value="64"/>
    <property name="osgi.bundles" value="reference:file:c:/gwf/data/mvn_repo/i18n/i18n.core/1.0.0-SNAPSHOT/i18n.core-1.0.0-SNAPSHOT.jar,reference:file:c:/gwf/data/mvn_repo/p2/osgi/bundle/org.eclipse.e4.tools.services/4.5.0.v20150430-0712/org.eclipse.e4.tools.services-4.5.0.v20150430-0712.jar,reference:file:c:/gwf/data/mvn_repo/p2/osgi/bundle/org.eclipse.core.runtime/3.11.1.v20150903-1804/org.eclipse.core.runtime-3.11.1.v20150903-1804.jar@4:start,reference:file:c:/gwf/data/mvn_repo/p2/osgi/bundle/javax.annotation/1.2.0.v201401042248/javax.annotation-1.2.0.v201401042248.jar,reference:file:c:/gwf/data/mvn_repo/p2/osgi/bundle/javax.inject/1.0.0.v20091030/javax.inject-1.0.0.v20091030.jar,reference:file:c:/gwf/data/mvn_repo/p2/osgi/bundle/org.eclipse.e4.core.di.annotations/1.4.0.v20150528-1451/org.eclipse.e4.core.di.annotations-1.4.0.v20150528-1451.jar,reference:file:c:/gwf/data/mvn_repo/p2/osgi/bundle/org.eclipse.e4.core.services/2.0.0.v20150403-1912/org.eclipse.e4.core.services-2.0.0.v20150403-1912.jar,reference:file:c:/gwf/data/mvn_repo/p2/osgi/bundle/org.eclipse.e4.ui.model.workbench/1.1.100.v20150407-1430/org.eclipse.e4.ui.model.workbench-1.1.100.v20150407-1430.jar,reference:file:c:/gwf/data/mvn_repo/p2/osgi/bundle/org.eclipse.e4.ui.workbench/1.3.1.v20160203-0951/org.eclipse.e4.ui.workbench-1.3.1.v20160203-0951.jar,reference:file:C:/gwf/projects/svn/com.fugro.gwf/lab/i18n/i18n.core.test,reference:file:c:/gwf/data/mvn_repo/p2/osgi/bundle/org.junit/4.12.0.v201504281640/org.junit-4.12.0.v201504281640.jar,reference:file:c:/gwf/data/mvn_repo/p2/osgi/bundle/org.eclipse.e4.core.contexts/1.4.0.v20150828-0818/org.eclipse.e4.core.contexts-1.4.0.v20150828-0818.jar,reference:file:c:/gwf/data/mvn_repo/p2/osgi/bundle/org.eclipse.e4.core.di/1.5.0.v20150421-2214/org.eclipse.e4.core.di-1.5.0.v20150421-2214.jar,reference:file:c:/gwf/data/mvn_repo/p2/osgi/bundle/javax.xml/1.3.4.v201005080400/javax.xml-1.3.4.v201005080400.jar,reference:file:c:/gwf/data/mvn_repo/p2/osgi/bundle/org.eclipse.osgi.services/3.5.0.v20150519-2006/org.eclipse.osgi.services-3.5.0.v20150519-2006.jar,reference:file:c:/gwf/data/mvn_repo/p2/osgi/bundle/org.eclipse.core.commands/3.7.0.v20150422-0725/org.eclipse.core.commands-3.7.0.v20150422-0725.jar,reference:file:c:/gwf/data/mvn_repo/p2/osgi/bundle/org.eclipse.equinox.common/3.7.0.v20150402-1709/org.eclipse.equinox.common-3.7.0.v20150402-1709.jar@2:start,reference:file:c:/gwf/data/mvn_repo/p2/osgi/bundle/org.eclipse.core.contenttype/3.5.0.v20150421-2214/org.eclipse.core.contenttype-3.5.0.v20150421-2214.jar,reference:file:c:/gwf/data/mvn_repo/p2/osgi/bundle/org.eclipse.equinox.preferences/3.5.300.v20150408-1437/org.eclipse.equinox.preferences-3.5.300.v20150408-1437.jar,reference:file:c:/gwf/data/mvn_repo/p2/osgi/bundle/org.eclipse.equinox.registry/3.6.0.v20150318-1503/org.eclipse.equinox.registry-3.6.0.v20150318-1503.jar,reference:file:c:/gwf/data/mvn_repo/p2/osgi/bundle/org.eclipse.core.expressions/3.5.0.v20150421-2214/org.eclipse.core.expressions-3.5.0.v20150421-2214.jar,reference:file:c:/gwf/data/mvn_repo/p2/osgi/bundle/org.eclipse.core.jobs/3.7.0.v20150330-2103/org.eclipse.core.jobs-3.7.0.v20150330-2103.jar,reference:file:c:/gwf/data/mvn_repo/p2/osgi/bundle/org.eclipse.equinox.app/1.3.300.v20150423-1356/org.eclipse.equinox.app-1.3.300.v20150423-1356.jar,reference:file:c:/gwf/data/mvn_repo/p2/osgi/bundle/org.eclipse.e4.core.commands/0.11.0.v20150422-0725/org.eclipse.e4.core.commands-0.11.0.v20150422-0725.jar,reference:file:c:/gwf/data/mvn_repo/p2/osgi/bundle/org.eclipse.e4.core.di.extensions/0.13.0.v20150421-2214/org.eclipse.e4.core.di.extensions-0.13.0.v20150421-2214.jar,reference:file:c:/gwf/data/mvn_repo/p2/osgi/bundle/org.eclipse.e4.emf.xpath/0.1.100.v20150513-0856/org.eclipse.e4.emf.xpath-0.1.100.v20150513-0856.jar,reference:file:c:/gwf/data/mvn_repo/p2/osgi/bundle/org.apache.commons.jxpath/1.3.0.v200911051830/org.apache.commons.jxpath-1.3.0.v200911051830.jar,reference:file:c:/gwf/data/mvn_repo/p2/osgi/bundle/org.eclipse.emf.ecore/2.11.2.v20160208-0816/org.eclipse.emf.ecore-2.11.2.v20160208-0816.jar,reference:file:c:/gwf/data/mvn_repo/p2/osgi/bundle/org.eclipse.swt/3.104.2.v20160212-1350/org.eclipse.swt-3.104.2.v20160212-1350.jar,reference:file:c:/gwf/data/mvn_repo/p2/osgi/bundle/org.eclipse.e4.ui.di/1.1.0.v20150422-0725/org.eclipse.e4.ui.di-1.1.0.v20150422-0725.jar,reference:file:c:/gwf/data/mvn_repo/p2/osgi/bundle/org.eclipse.e4.ui.services/1.2.0.v20150422-0725/org.eclipse.e4.ui.services-1.2.0.v20150422-0725.jar,reference:file:c:/gwf/data/mvn_repo/p2/osgi/bundle/org.eclipse.emf.ecore.change/2.11.0.v20160208-0816/org.eclipse.emf.ecore.change-2.11.0.v20160208-0816.jar,reference:file:c:/gwf/data/mvn_repo/p2/osgi/bundle/org.eclipse.emf.ecore.xmi/2.11.1.v20160208-0816/org.eclipse.emf.ecore.xmi-2.11.1.v20160208-0816.jar,reference:file:c:/gwf/data/mvn_repo/p2/osgi/bundle/org.eclipse.jface/3.11.1.v20160128-1644/org.eclipse.jface-3.11.1.v20160128-1644.jar,reference:file:c:/gwf/data/mvn_repo/p2/osgi/bundle/com.ibm.icu/54.1.1.v201501272100/com.ibm.icu-54.1.1.v201501272100.jar,reference:file:c:/gwf/data/mvn_repo/p2/osgi/bundle/org.eclipse.emf.common/2.11.1.v20160208-0816/org.eclipse.emf.common-2.11.1.v20160208-0816.jar,reference:file:c:/gwf/data/mvn_repo/p2/osgi/bundle/org.eclipse.swt.win32.win32.x86_64/3.104.2.v20160212-1350/org.eclipse.swt.win32.win32.x86_64-3.104.2.v20160212-1350.jar,reference:file:c:/gwf/data/mvn_repo/p2/osgi/bundle/org.hamcrest.core/1.3.0.v201303031735/org.hamcrest.core-1.3.0.v201303031735.jar,reference:file:c:/gwf/data/mvn_repo/p2/osgi/bundle/org.eclipse.equinox.launcher/1.3.100.v20150511-1540/org.eclipse.equinox.launcher-1.3.100.v20150511-1540.jar,reference:file:C:/gwf/projects/svn/com.fugro.gwf/lab/i18n/i18n.core.test,reference:file:c:/gwf/data/mvn_repo/p2/osgi/bundle/org.eclipse.swt.win32.win32.x86/3.104.2.v20160212-1350/org.eclipse.swt.win32.win32.x86-3.104.2.v20160212-1350.jar,reference:file:c:/gwf/data/mvn_repo/org/eclipse/tycho/org.eclipse.tycho.surefire.osgibooter/0.21.0/org.eclipse.tycho.surefire.osgibooter-0.21.0.jar,reference:file:c:/gwf/data/mvn_repo/org/eclipse/tycho/org.eclipse.tycho.surefire.junit47/0.21.0/org.eclipse.tycho.surefire.junit47-0.21.0.jar"/>
    <property name="java.endorsed.dirs" value="C:\gwf\programs\java_64bit\jdk1.8.0_74\jre\lib\endorsed"/>
    <property name="sun.cpu.isalist" value="amd64"/>
    <property name="sun.jnu.encoding" value="Cp1252"/>
    <property name="eclipse.application" value="org.eclipse.tycho.surefire.osgibooter.headlesstest"/>
    <property name="file.encoding.pkg" value="sun.io"/>
    <property name="org.osgi.framework.vendor" value="Eclipse"/>
    <property name="file.separator" value="\"/>
    <property name="java.specification.name" value="Java Platform API Specification"/>
    <property name="osgi.checkConfiguration" value="true"/>
    <property name="java.class.version" value="52.0"/>
    <property name="user.country" value="GB"/>
    <property name="osgi.configuration.cascaded" value="false"/>
    <property name="java.home" value="C:\gwf\programs\java_64bit\jdk1.8.0_74\jre"/>
    <property name="osgi.os" value="win32"/>
    <property name="eclipse.commands" value="-data
C:\gwf\projects\svn\com.fugro.gwf\lab\i18n\i18n.core.test\target\work\data
-install
C:\gwf\projects\svn\com.fugro.gwf\lab\i18n\i18n.core.test\target\work
-configuration
C:\gwf\projects\svn\com.fugro.gwf\lab\i18n\i18n.core.test\target\work\configuration
-application
org.eclipse.tycho.surefire.osgibooter.headlesstest
-testproperties
C:\gwf\projects\svn\com.fugro.gwf\lab\i18n\i18n.core.test\target\surefire.properties
"/>
    <property name="java.vm.info" value="mixed mode"/>
    <property name="os.version" value="6.1"/>
    <property name="osgi.arch" value="x86_64"/>
    <property name="path.separator" value=";"/>
    <property name="java.vm.version" value="25.74-b02"/>
    <property name="org.osgi.supports.framework.fragment" value="true"/>
    <property name="user.variant" value=""/>
    <property name="osgi.framework.shape" value="jar"/>
    <property name="java.awt.printerjob" value="sun.awt.windows.WPrinterJob"/>
    <property name="sun.io.unicode.encoding" value="UnicodeLittle"/>
    <property name="org.osgi.framework.version" value="1.8.0"/>
    <property name="awt.toolkit" value="sun.awt.windows.WToolkit"/>
    <property name="user.script" value=""/>
    <property name="eclipse.stateSaveDelayInterval" value="30000"/>
    <property name="osgi.dev" value="file:/C:/gwf/projects/svn/com.fugro.gwf/lab/i18n/i18n.core.test/target/work/dev.properties"/>
    <property name="osgi.install.area" value="file:/C:/gwf/projects/svn/com.fugro.gwf/lab/i18n/i18n.core.test/target/work/"/>
    <property name="osgi.framework" value="file:/c:/gwf/data/mvn_repo/p2/osgi/bundle/org.eclipse.osgi/3.10.102.v20160118-1700/org.eclipse.osgi-3.10.102.v20160118-1700.jar"/>
    <property name="user.home" value="C:\Users\VeldeE"/>
    <property name="osgi.framework.useSystemProperties" value="true"/>
    <property name="java.specification.vendor" value="Oracle Corporation"/>
    <property name="osgi.nl" value="en_GB"/>
    <property name="java.library.path" value="C:\gwf\programs\java_64bit\jdk1.8.0_74\jre\bin;C:\windows\Sun\Java\bin;C:\windows\system32;C:\windows;C:\gwf\programs\java_64bit\jdk1.8.0_74\bin;C:\gwf\Programs\CollabNet\SubversionClient_1_8_10;C:\ProgramData\Oracle\Java\javapath;C:\Program Files (x86)\NVIDIA Corporation\PhysX\Common;C:\gwf\programs\java_64bit\jdk1.8.0_74\bin;C:\windows\system32;C:\windows;C:\windows\System32\Wbem;C:\windows\System32\WindowsPowerShell\v1.0\;C:\Program Files (x86)\Common Files\Roxio Shared\DLLShared\;C:\Program Files (x86)\Common Files\Roxio Shared\OEM\DLLShared\;C:\Program Files (x86)\Common Files\Roxio Shared\OEM\DLLShared\;C:\Program Files (x86)\Common Files\Roxio Shared\OEM\12.0\DLLShared\;C:\Program Files (x86)\Roxio\OEM\AudioCore\;c:\gwf\programs\apache-maven-3.0.4\bin\;C:\gwf\programs\tools;c:\gwf\programs\apache-ant-1.9.1\bin;C:\Program Files (x86)\Intel\OpenCL SDK\2.0\bin\x86;C:\Program Files (x86)\Intel\OpenCL SDK\2.0\bin\x64;C:\gwf\programs\doxygen\bin;C:\gwf\Programs\MiKTeX29\miktex\bin\;C:\gwf\Programs\TortoiseGit\bin;C:\gwf\programs\gradle-2.0\bin;C:\Program Files\Microsoft SQL Server\Client SDK\ODBC\110\Tools\Binn\;C:\Program Files (x86)\Microsoft SQL Server\120\Tools\Binn\;C:\Program Files\Microsoft SQL Server\120\Tools\Binn\;C:\Program Files\Microsoft SQL Server\120\DTS\Binn\;C:\Program Files (x86)\Microsoft SQL Server\120\Tools\Binn\ManagementStudio\;C:\Program Files (x86)\Microsoft SQL Server\120\DTS\Binn\;C:\gwf\Programs\TortoiseSVN\bin;C:\Program Files (x86)\Enterprise Vault\EVClient\;C:\Program Files (x86)\Skype\Phone\;."/>
    <property name="java.vendor.url" value="http://java.oracle.com/"/>
    <property name="osgi.bundlefile.limit" value="100"/>
    <property name="eclipse.startTime" value="1478076133609"/>
    <property name="org.osgi.framework.os.version" value="6.1.0"/>
    <property name="java.vm.vendor" value="Oracle Corporation"/>
    <property name="java.runtime.name" value="Java(TM) SE Runtime Environment"/>
    <property name="java.class.path" value="C:\gwf\data\mvn_repo\p2\osgi\bundle\org.eclipse.equinox.launcher\1.3.100.v20150511-1540\org.eclipse.equinox.launcher-1.3.100.v20150511-1540.jar;c:\\gwf\\data\\mvn_repo\\org\\jacoco\\org.jacoco.agent\\0.7.2.201409121644\\org.jacoco.agent-0.7.2.201409121644-runtime.jar"/>
    <property name="sun.java.command" value="C:\gwf\data\mvn_repo\p2\osgi\bundle\org.eclipse.equinox.launcher\1.3.100.v20150511-1540\org.eclipse.equinox.launcher-1.3.100.v20150511-1540.jar -data C:\gwf\projects\svn\com.fugro.gwf\lab\i18n\i18n.core.test\target\work\data -install C:\gwf\projects\svn\com.fugro.gwf\lab\i18n\i18n.core.test\target\work -configuration C:\gwf\projects\svn\com.fugro.gwf\lab\i18n\i18n.core.test\target\work\configuration -application org.eclipse.tycho.surefire.osgibooter.headlesstest -testproperties C:\gwf\projects\svn\com.fugro.gwf\lab\i18n\i18n.core.test\target\surefire.properties"/>
    <property name="java.vm.specification.name" value="Java Virtual Machine Specification"/>
    <property name="java.vm.specification.version" value="1.8"/>
    <property name="sun.os.patch.level" value="Service Pack 1"/>
    <property name="sun.cpu.endian" value="little"/>
    <property name="gosh.args" value="--nointeractive"/>
    <property name="surefire.test.class.path" value=""/>
    <property name="java.io.tmpdir" value="C:\Users\VeldeE\AppData\Local\Temp\"/>
    <property name="org.eclipse.e4.core.locale" value="en"/>
    <property name="java.vendor.url.bug" value="http://bugreport.sun.com/bugreport/"/>
    <property name="eclipse.home.location" value="file:/C:/gwf/projects/svn/com.fugro.gwf/lab/i18n/i18n.core.test/target/work/"/>
    <property name="java.awt.graphicsenv" value="sun.awt.Win32GraphicsEnvironment"/>
    <property name="os.arch" value="amd64"/>
    <property name="java.ext.dirs" value="C:\gwf\programs\java_64bit\jdk1.8.0_74\jre\lib\ext;C:\windows\Sun\Java\lib\ext"/>
    <property name="user.dir" value="C:\gwf\projects\svn\com.fugro.gwf\lab\i18n\i18n.core.test"/>
    <property name="org.osgi.supports.framework.requirebundle" value="true"/>
    <property name="osgi.clean" value="true"/>
    <property name="line.separator" value="
"/>
    <property name="java.vm.name" value="Java HotSpot(TM) 64-Bit Server VM"/>
    <property name="file.encoding" value="Cp1252"/>
    <property name="java.specification.version" value="1.8"/>
    <property name="org.osgi.framework.executionenvironment" value="OSGi/Minimum-1.0,OSGi/Minimum-1.1,OSGi/Minimum-1.2,JavaSE/compact1-1.8,JavaSE/compact2-1.8,JavaSE/compact3-1.8,JRE-1.1,J2SE-1.2,J2SE-1.3,J2SE-1.4,J2SE-1.5,JavaSE-1.6,JavaSE-1.7,JavaSE-1.8"/>
    <property name="osgi.configuration.area" value="file:/C:/gwf/projects/svn/com.fugro.gwf/lab/i18n/i18n.core.test/target/work/configuration/"/>
    <property name="osgi.logfile" value="C:\gwf\projects\svn\com.fugro.gwf\lab\i18n\i18n.core.test\target\work\configuration\1478076134144.log"/>
  </properties>
  <testcase classname="com.fugro.gwf.util.i18n.client.MessagesTest" name="testEnglishMessage" time="0.036">
    <error message="Unable to process &quot;MessagesContainer.messages&quot;: no actual value was found for the argument &quot;Messages[@org.eclipse.e4.core.services.nls.Translation()]&quot;." type="org.eclipse.e4.core.di.InjectionException">org.eclipse.e4.core.di.InjectionException: Unable to process &quot;MessagesContainer.messages&quot;: no actual value was found for the argument &quot;Messages[@org.eclipse.e4.core.services.nls.Translation()]&quot;.
	at org.eclipse.e4.core.internal.di.InjectorImpl.reportUnresolvedArgument(InjectorImpl.java:424)
	at org.eclipse.e4.core.internal.di.InjectorImpl.resolveRequestorArgs(InjectorImpl.java:415)
	at org.eclipse.e4.core.internal.di.InjectorImpl.inject(InjectorImpl.java:110)
	at org.eclipse.e4.core.internal.di.InjectorImpl.internalMake(InjectorImpl.java:345)
	at org.eclipse.e4.core.internal.di.InjectorImpl.make(InjectorImpl.java:264)
	at org.eclipse.e4.core.contexts.ContextInjectionFactory.make(ContextInjectionFactory.java:162)
	at com.fugro.gwf.util.i18n.client.MessagesTest.testEnglishMessage(MessagesTest.java:56)
	at sun.reflect.NativeMethodAccessorImpl.invoke0(Native Method)
	at sun.reflect.NativeMethodAccessorImpl.invoke(NativeMethodAccessorImpl.java:62)
	at sun.reflect.DelegatingMethodAccessorImpl.invoke(DelegatingMethodAccessorImpl.java:43)
	at java.lang.reflect.Method.invoke(Method.java:498)
	at org.junit.runners.model.FrameworkMethod$1.runReflectiveCall(FrameworkMethod.java:50)
	at org.junit.internal.runners.model.ReflectiveCallable.run(ReflectiveCallable.java:12)
	at org.junit.runners.model.FrameworkMethod.invokeExplosively(FrameworkMethod.java:47)
	at org.junit.internal.runners.statements.InvokeMethod.evaluate(InvokeMethod.java:17)
	at org.junit.runners.ParentRunner.runLeaf(ParentRunner.java:325)
	at org.junit.runners.BlockJUnit4ClassRunner.runChild(BlockJUnit4ClassRunner.java:78)
	at org.junit.runners.BlockJUnit4ClassRunner.runChild(BlockJUnit4ClassRunner.java:57)
	at org.junit.runners.ParentRunner$3.run(ParentRunner.java:290)
	at org.junit.runners.ParentRunner$1.schedule(ParentRunner.java:71)
	at org.junit.runners.ParentRunner.runChildren(ParentRunner.java:288)
	at org.junit.runners.ParentRunner.access$000(ParentRunner.java:58)
	at org.junit.runners.ParentRunner$2.evaluate(ParentRunner.java:268)
	at org.junit.runners.ParentRunner.run(ParentRunner.java:363)
	at org.junit.runners.Suite.runChild(Suite.java:128)
	at org.junit.runners.Suite.runChild(Suite.java:27)
	at org.junit.runners.ParentRunner$3.run(ParentRunner.java:290)
	at org.junit.runners.ParentRunner$1.schedule(ParentRunner.java:71)
	at org.junit.runners.ParentRunner.runChildren(ParentRunner.java:288)
	at org.junit.runners.ParentRunner.access$000(ParentRunner.java:58)
	at org.junit.runners.ParentRunner$2.evaluate(ParentRunner.java:268)
	at org.junit.runners.ParentRunner.run(ParentRunner.java:363)
	at org.junit.runners.Suite.runChild(Suite.java:128)
	at org.junit.runners.Suite.runChild(Suite.java:27)
	at org.junit.runners.ParentRunner$3.run(ParentRunner.java:290)
	at org.junit.runners.ParentRunner$1.schedule(ParentRunner.java:71)
	at org.junit.runners.ParentRunner.runChildren(ParentRunner.java:288)
	at org.junit.runners.ParentRunner.access$000(ParentRunner.java:58)
	at org.junit.runners.ParentRunner$2.evaluate(ParentRunner.java:268)
	at org.junit.runners.ParentRunner.run(ParentRunner.java:363)
	at org.junit.runner.JUnitCore.run(JUnitCore.java:137)
	at org.junit.runner.JUnitCore.run(JUnitCore.java:115)
	at org.junit.runner.JUnitCore.run(JUnitCore.java:105)
	at org.apache.maven.surefire.junitcore.JUnitCoreWrapper.execute(JUnitCoreWrapper.java:52)
	at org.apache.maven.surefire.junitcore.OsgiEnabledJUnitCoreProvider.invoke(OsgiEnabledJUnitCoreProvider.java:118)
	at sun.reflect.NativeMethodAccessorImpl.invoke0(Native Method)
	at sun.reflect.NativeMethodAccessorImpl.invoke(NativeMethodAccessorImpl.java:62)
	at sun.reflect.DelegatingMethodAccessorImpl.invoke(DelegatingMethodAccessorImpl.java:43)
	at java.lang.reflect.Method.invoke(Method.java:498)
	at org.apache.maven.surefire.util.ReflectionUtils.invokeMethodWithArray(ReflectionUtils.java:164)
	at org.apache.maven.surefire.booter.ProviderFactory$ProviderProxy.invoke(ProviderFactory.java:110)
	at org.apache.maven.surefire.booter.SurefireStarter.invokeProvider(SurefireStarter.java:175)
	at org.apache.maven.surefire.booter.SurefireStarter.runSuitesInProcess(SurefireStarter.java:123)
	at org.eclipse.tycho.surefire.osgibooter.OsgiSurefireBooter.run(OsgiSurefireBooter.java:87)
	at org.eclipse.tycho.surefire.osgibooter.HeadlessTestApplication.run(HeadlessTestApplication.java:21)
	at sun.reflect.NativeMethodAccessorImpl.invoke0(Native Method)
	at sun.reflect.NativeMethodAccessorImpl.invoke(NativeMethodAccessorImpl.java:62)
	at sun.reflect.DelegatingMethodAccessorImpl.invoke(DelegatingMethodAccessorImpl.java:43)
	at java.lang.reflect.Method.invoke(Method.java:498)
	at org.eclipse.equinox.internal.app.EclipseAppContainer.callMethodWithException(EclipseAppContainer.java:587)
	at org.eclipse.equinox.internal.app.EclipseAppHandle.run(EclipseAppHandle.java:198)
	at org.eclipse.core.runtime.internal.adaptor.EclipseAppLauncher.runApplication(EclipseAppLauncher.java:134)
	at org.eclipse.core.runtime.internal.adaptor.EclipseAppLauncher.start(EclipseAppLauncher.java:104)
	at org.eclipse.core.runtime.adaptor.EclipseStarter.run(EclipseStarter.java:380)
	at org.eclipse.core.runtime.adaptor.EclipseStarter.run(EclipseStarter.java:235)
	at sun.reflect.NativeMethodAccessorImpl.invoke0(Native Method)
	at sun.reflect.NativeMethodAccessorImpl.invoke(NativeMethodAccessorImpl.java:62)
	at sun.reflect.DelegatingMethodAccessorImpl.invoke(DelegatingMethodAccessorImpl.java:43)
	at java.lang.reflect.Method.invoke(Method.java:498)
	at org.eclipse.equinox.launcher.Main.invokeFramework(Main.java:669)
	at org.eclipse.equinox.launcher.Main.basicRun(Main.java:608)
	at org.eclipse.equinox.launcher.Main.run(Main.java:1515)
	at org.eclipse.equinox.launcher.Main.main(Main.java:1488)
</error>
    <system-out>-- listing properties --
java.vendor=Oracle Corporation
osgi.bundles.defaultStartLevel=4
sun.java.launcher=SUN_STANDARD
org.osgi.supports.framework.extension=true
sun.management.compiler=HotSpot 64-Bit Tiered Compilers
os.name=Windows 7
sun.boot.class.path=C:\gwf\programs\java_64bit\jdk1.8.0_7...
osgi.ws=win32
sun.desktop=windows
java.vm.specification.vendor=Oracle Corporation
java.runtime.version=1.8.0_74-b02
osgi.instance.area=file:/C:/gwf/projects/svn/com.fugro.g...
org.osgi.framework.uuid=70651e41-d8a0-0016-162a-c9f100ab35ea
osgi.noShutdown=false
user.name=VeldeE
org.osgi.framework.system.packages=javax.accessibility,javax.activation,...
org.osgi.framework.language=en
user.language=en
org.osgi.framework.processor=x86-64
osgi.syspath=c:\gwf\data\mvn_repo\p2\osgi\bundle\o...
sun.boot.library.path=C:\gwf\programs\java_64bit\jdk1.8.0_7...
org.osgi.framework.system.capabilities=osgi.ee; osgi.ee=&quot;OSGi/Minimum&quot;; vers...
osgi.compatibility.bootdelegation=true
java.version=1.8.0_74
org.osgi.framework.os.name=Windows7
user.timezone=Europe/Paris
sun.arch.data.model=64
osgi.bundles=reference:file:c:/gwf/data/mvn_repo/i...
java.endorsed.dirs=C:\gwf\programs\java_64bit\jdk1.8.0_7...
sun.cpu.isalist=amd64
sun.jnu.encoding=Cp1252
eclipse.application=org.eclipse.tycho.surefire.osgibooter...
file.encoding.pkg=sun.io
org.osgi.framework.vendor=Eclipse
file.separator=\
java.specification.name=Java Platform API Specification
osgi.checkConfiguration=true
java.class.version=52.0
user.country=GB
osgi.configuration.cascaded=false
java.home=C:\gwf\programs\java_64bit\jdk1.8.0_7...
osgi.os=win32
eclipse.commands=-data
C:\gwf\projects\svn\com.fugro.g...
java.vm.info=mixed mode
os.version=6.1
osgi.arch=x86_64
path.separator=;
java.vm.version=25.74-b02
org.osgi.supports.framework.fragment=true
user.variant=
osgi.framework.shape=jar
java.awt.printerjob=sun.awt.windows.WPrinterJob
sun.io.unicode.encoding=UnicodeLittle
org.osgi.framework.version=1.8.0
awt.toolkit=sun.awt.windows.WToolkit
user.script=
eclipse.stateSaveDelayInterval=30000
osgi.dev=file:/C:/gwf/projects/svn/com.fugro.g...
osgi.install.area=file:/C:/gwf/projects/svn/com.fugro.g...
osgi.framework=file:/c:/gwf/data/mvn_repo/p2/osgi/bu...
user.home=C:\Users\VeldeE
osgi.framework.useSystemProperties=true
java.specification.vendor=Oracle Corporation
osgi.nl=en_GB
java.library.path=C:\gwf\programs\java_64bit\jdk1.8.0_7...
java.vendor.url=http://java.oracle.com/
osgi.bundlefile.limit=100
eclipse.startTime=1478076133609
org.osgi.framework.os.version=6.1.0
java.vm.vendor=Oracle Corporation
java.runtime.name=Java(TM) SE Runtime Environment
java.class.path=C:\gwf\data\mvn_repo\p2\osgi\bundle\o...
sun.java.command=C:\gwf\data\mvn_repo\p2\osgi\bundle\o...
java.vm.specification.name=Java Virtual Machine Specification
java.vm.specification.version=1.8
sun.os.patch.level=Service Pack 1
sun.cpu.endian=little
gosh.args=--nointeractive
surefire.test.class.path=
java.io.tmpdir=C:\Users\VeldeE\AppData\Local\Temp\
org.eclipse.e4.core.locale=en
java.vendor.url.bug=http://bugreport.sun.com/bugreport/
eclipse.home.location=file:/C:/gwf/projects/svn/com.fugro.g...
java.awt.graphicsenv=sun.awt.Win32GraphicsEnvironment
os.arch=amd64
java.ext.dirs=C:\gwf\programs\java_64bit\jdk1.8.0_7...
user.dir=C:\gwf\projects\svn\com.fugro.gwf\lab...
org.osgi.supports.framework.requirebundle=true
osgi.clean=true
line.separator=

java.vm.name=Java HotSpot(TM) 64-Bit Server VM
file.encoding=Cp1252
java.specification.version=1.8
org.osgi.framework.executionenvironment=OSGi/Minimum-1.0,OSGi/Minimum-1.1,OSG...
osgi.configuration.area=file:/C:/gwf/projects/svn/com.fugro.g...
osgi.logfile=C:\gwf\projects\svn\com.fugro.gwf\lab...
</system-out>
  </testcase>
  <testcase classname="com.fugro.gwf.util.i18n.client.MessagesTest" name="testDutchMessage" time="0.045">
    <skipped/>
  </testcase>
</testsuite>